[INFO  - 2021-09-05T19:17:34.851Z] GhostDriver - Main - running on port 65473
[INFO  - 2021-09-05T19:17:35.253Z] Session [ed0dfae0-0e7d-11ec-928b-c7c324bd4e95] - page.settings - {"XSSAuditingEnabled":false,"javascriptCanCloseWindows":true,"javascriptCanOpenWindows":true,"javascriptEnabled":true,"loadImages":true,"localToRemoteUrlAccessEnabled":false,"userAgent":"Mozilla/5.0 (Macintosh; Intel Mac OS X) AppleWebKit/538.1 (KHTML, like Gecko) PhantomJS/2.1.1 Safari/538.1","webSecurityEnabled":true}
[INFO  - 2021-09-05T19:17:35.253Z] Session [ed0dfae0-0e7d-11ec-928b-c7c324bd4e95] - page.customHeaders:  - {}
[INFO  - 2021-09-05T19:17:35.253Z] Session [ed0dfae0-0e7d-11ec-928b-c7c324bd4e95] - Session.negotiatedCapabilities - {"browserName":"phantomjs","version":"2.1.1","driverName":"ghostdriver","driverVersion":"1.2.0","platform":"mac-unknown-64bit","javascriptEnabled":true,"takesScreenshot":true,"handlesAlerts":false,"databaseEnabled":false,"locationContextEnabled":false,"applicationCacheEnabled":false,"browserConnectionEnabled":false,"cssSelectorsEnabled":true,"webStorageEnabled":false,"rotatable":false,"acceptSslCerts":false,"nativeEvents":true,"proxy":{"proxyType":"direct"}}
[INFO  - 2021-09-05T19:17:35.253Z] SessionManagerReqHand - _postNewSessionCommand - New Session Created: ed0dfae0-0e7d-11ec-928b-c7c324bd4e95
[ERROR - 2021-09-05T19:17:36.053Z] Session [ed0dfae0-0e7d-11ec-928b-c7c324bd4e95] - page.onError - msg: ReferenceError: Can't find variable: ScrollMagic

  phantomjs://platform/console++.js:263 in error
[ERROR - 2021-09-05T19:17:36.053Z] Session [ed0dfae0-0e7d-11ec-928b-c7c324bd4e95] - page.onError - stack:
  (anonymous function) (https://www.ufc.com/sites/default/files/js/js_1pTswcvsNVw1IymUPdXfduxM7GnIm96CKwCItMHF3ks.js:27)

  phantomjs://platform/console++.js:263 in error
[ERROR - 2021-09-05T19:17:36.614Z] Session [ed0dfae0-0e7d-11ec-928b-c7c324bd4e95] - page.onError - msg: [object Object]

  phantomjs://platform/console++.js:263 in error
[ERROR - 2021-09-05T19:17:36.615Z] Session [ed0dfae0-0e7d-11ec-928b-c7c324bd4e95] - page.onError - stack:
  error (https://www.googletagmanager.com/gtm.js?id=GTM-WFBHZX5:35)
  onerror (https://www.googletagmanager.com/gtm.js?id=GTM-WFBHZX5:44)

  phantomjs://platform/console++.js:263 in error
[ERROR - 2021-09-05T19:17:37.047Z] Session [ed0dfae0-0e7d-11ec-928b-c7c324bd4e95] - page.onError - msg: [object Object]

  phantomjs://platform/console++.js:263 in error
[ERROR - 2021-09-05T19:17:37.047Z] Session [ed0dfae0-0e7d-11ec-928b-c7c324bd4e95] - page.onError - stack:
  error (https://www.googletagmanager.com/gtm.js?id=GTM-WFBHZX5:35)
  onerror (https://www.googletagmanager.com/gtm.js?id=GTM-WFBHZX5:44)

  phantomjs://platform/console++.js:263 in error
[ERROR - 2021-09-05T19:17:37.086Z] Session [ed0dfae0-0e7d-11ec-928b-c7c324bd4e95] - page.onError - msg: ReferenceError: Can't find variable: Optanon

  phantomjs://platform/console++.js:263 in error
[ERROR - 2021-09-05T19:17:37.086Z] Session [ed0dfae0-0e7d-11ec-928b-c7c324bd4e95] - page.onError - stack:
  (anonymous function) (https://www.ufc.com/athletes/all:1)

  phantomjs://platform/console++.js:263 in error
[ERROR - 2021-09-05T19:17:37.086Z] Session [ed0dfae0-0e7d-11ec-928b-c7c324bd4e95] - page.onError - msg: [object Object]

  phantomjs://platform/console++.js:263 in error
[ERROR - 2021-09-05T19:17:37.086Z] Session [ed0dfae0-0e7d-11ec-928b-c7c324bd4e95] - page.onError - stack:
  error (https://www.googletagmanager.com/gtm.js?id=GTM-WFBHZX5:35)
  onerror (https://www.googletagmanager.com/gtm.js?id=GTM-WFBHZX5:44)

  phantomjs://platform/console++.js:263 in error
[ERROR - 2021-09-05T19:17:37.235Z] Session [ed0dfae0-0e7d-11ec-928b-c7c324bd4e95] - page.onError - msg: [object Object]

  phantomjs://platform/console++.js:263 in error
[ERROR - 2021-09-05T19:17:37.235Z] Session [ed0dfae0-0e7d-11ec-928b-c7c324bd4e95] - page.onError - stack:
  error (https://www.googletagmanager.com/gtm.js?id=GTM-WFBHZX5:35)
  onerror (https://www.googletagmanager.com/gtm.js?id=GTM-WFBHZX5:43)

  phantomjs://platform/console++.js:263 in error
[ERROR - 2021-09-05T19:17:37.235Z] Session [ed0dfae0-0e7d-11ec-928b-c7c324bd4e95] - page.onError - msg: [object Object]

  phantomjs://platform/console++.js:263 in error
[ERROR - 2021-09-05T19:17:37.235Z] Session [ed0dfae0-0e7d-11ec-928b-c7c324bd4e95] - page.onError - stack:
  error (https://www.googletagmanager.com/gtm.js?id=GTM-WFBHZX5:35)
  onerror (https://www.googletagmanager.com/gtm.js?id=GTM-WFBHZX5:44)

  phantomjs://platform/console++.js:263 in error
[ERROR - 2021-09-05T19:17:37.286Z] Session [ed0dfae0-0e7d-11ec-928b-c7c324bd4e95] - page.onError - msg: NotSupportedError: DOM Exception 9: The implementation did not support the requested type of object or operation.

  phantomjs://platform/console++.js:263 in error
[ERROR - 2021-09-05T19:17:37.286Z] Session [ed0dfae0-0e7d-11ec-928b-c7c324bd4e95] - page.onError - stack:
  createContextualFragment (https://cdn.cookielaw.org/scripttemplates/5.9.0/otBannerSdk.js:7)
  D (https://cdn.cookielaw.org/scripttemplates/5.9.0/otBannerSdk.js:7)
  ne (https://cdn.cookielaw.org/scripttemplates/5.9.0/otBannerSdk.js:7)
  setAlwaysActive (https://cdn.cookielaw.org/scripttemplates/5.9.0/otBannerSdk.js:7)
  setToggleProps (https://cdn.cookielaw.org/scripttemplates/5.9.0/otBannerSdk.js:7)
  insertConsentNoticeHtml (https://cdn.cookielaw.org/scripttemplates/5.9.0/otBannerSdk.js:7)
  windowLoadBanner (https://cdn.cookielaw.org/scripttemplates/5.9.0/otBannerSdk.js:7)
  (anonymous function) (https://cdn.cookielaw.org/scripttemplates/5.9.0/otBannerSdk.js:7)
  dispatchEvent (:0)
  trigger (https://cdn.cookielaw.org/scripttemplates/5.9.0/otBannerSdk.js:7)
  LoadBanner (https://cdn.cookielaw.org/scripttemplates/5.9.0/otBannerSdk.js:7)
  (anonymous function) (https://cdn.cookielaw.org/scripttemplates/5.9.0/otBannerSdk.js:7)
  (anonymous function) (https://cdn.cookielaw.org/scripttemplates/5.9.0/otBannerSdk.js:7)
  (anonymous function) (https://cdn.cookielaw.org/scripttemplates/5.9.0/otBannerSdk.js:7)
  o (https://cdn.cookielaw.org/scripttemplates/5.9.0/otBannerSdk.js:7)
  (anonymous function) (https://imasdk.googleapis.com/js/sdkloader/ima3.js:24)
  k (https://imasdk.googleapis.com/js/sdkloader/ima3.js:24)
  B (https://imasdk.googleapis.com/js/sdkloader/ima3.js:20)
  (anonymous function) (https://imasdk.googleapis.com/js/sdkloader/ima3.js:20)

  phantomjs://platform/console++.js:263 in error
[ERROR - 2021-09-05T19:17:37.286Z] Session [ed0dfae0-0e7d-11ec-928b-c7c324bd4e95] - page.onError - msg: [object Object]

  phantomjs://platform/console++.js:263 in error
[ERROR - 2021-09-05T19:17:37.286Z] Session [ed0dfae0-0e7d-11ec-928b-c7c324bd4e95] - page.onError - stack:
  error (https://www.googletagmanager.com/gtm.js?id=GTM-WFBHZX5:35)
  onerror (https://www.googletagmanager.com/gtm.js?id=GTM-WFBHZX5:44)
  dispatchEvent (:0)
  trigger (https://cdn.cookielaw.org/scripttemplates/5.9.0/otBannerSdk.js:7)
  LoadBanner (https://cdn.cookielaw.org/scripttemplates/5.9.0/otBannerSdk.js:7)
  (anonymous function) (https://cdn.cookielaw.org/scripttemplates/5.9.0/otBannerSdk.js:7)
  (anonymous function) (https://cdn.cookielaw.org/scripttemplates/5.9.0/otBannerSdk.js:7)
  (anonymous function) (https://cdn.cookielaw.org/scripttemplates/5.9.0/otBannerSdk.js:7)
  o (https://cdn.cookielaw.org/scripttemplates/5.9.0/otBannerSdk.js:7)
  (anonymous function) (https://imasdk.googleapis.com/js/sdkloader/ima3.js:24)
  k (https://imasdk.googleapis.com/js/sdkloader/ima3.js:24)
  B (https://imasdk.googleapis.com/js/sdkloader/ima3.js:20)
  (anonymous function) (https://imasdk.googleapis.com/js/sdkloader/ima3.js:20)

  phantomjs://platform/console++.js:263 in error
[ERROR - 2021-09-05T19:17:38.438Z] Session [ed0dfae0-0e7d-11ec-928b-c7c324bd4e95] - page.onError - msg: ReferenceError: Can't find variable: ScrollMagic

  phantomjs://platform/console++.js:263 in error
[ERROR - 2021-09-05T19:17:38.438Z] Session [ed0dfae0-0e7d-11ec-928b-c7c324bd4e95] - page.onError - stack:
  (anonymous function) (https://www.ufc.com/sites/default/files/js/js_1pTswcvsNVw1IymUPdXfduxM7GnIm96CKwCItMHF3ks.js:27)

  phantomjs://platform/console++.js:263 in error
[ERROR - 2021-09-05T19:17:38.937Z] Session [ed0dfae0-0e7d-11ec-928b-c7c324bd4e95] - page.onError - msg: [object Object]

  phantomjs://platform/console++.js:263 in error
[ERROR - 2021-09-05T19:17:38.937Z] Session [ed0dfae0-0e7d-11ec-928b-c7c324bd4e95] - page.onError - stack:
  error (https://www.googletagmanager.com/gtm.js?id=GTM-WFBHZX5:35)
  onerror (https://www.googletagmanager.com/gtm.js?id=GTM-WFBHZX5:44)

  phantomjs://platform/console++.js:263 in error
[ERROR - 2021-09-05T19:17:38.938Z] Session [ed0dfae0-0e7d-11ec-928b-c7c324bd4e95] - page.onError - msg: [object Object]

  phantomjs://platform/console++.js:263 in error
[ERROR - 2021-09-05T19:17:38.938Z] Session [ed0dfae0-0e7d-11ec-928b-c7c324bd4e95] - page.onError - stack:
  error (https://www.googletagmanager.com/gtm.js?id=GTM-WFBHZX5:35)
  onerror (https://www.googletagmanager.com/gtm.js?id=GTM-WFBHZX5:44)

  phantomjs://platform/console++.js:263 in error
[ERROR - 2021-09-05T19:17:38.955Z] Session [ed0dfae0-0e7d-11ec-928b-c7c324bd4e95] - page.onError - msg: [object Object]

  phantomjs://platform/console++.js:263 in error
[ERROR - 2021-09-05T19:17:38.955Z] Session [ed0dfae0-0e7d-11ec-928b-c7c324bd4e95] - page.onError - stack:
  error (https://www.googletagmanager.com/gtm.js?id=GTM-WFBHZX5:35)
  onerror (https://www.googletagmanager.com/gtm.js?id=GTM-WFBHZX5:44)

  phantomjs://platform/console++.js:263 in error
[ERROR - 2021-09-05T19:17:39.076Z] Session [ed0dfae0-0e7d-11ec-928b-c7c324bd4e95] - page.onError - msg: [object Object]

  phantomjs://platform/console++.js:263 in error
[ERROR - 2021-09-05T19:17:39.076Z] Session [ed0dfae0-0e7d-11ec-928b-c7c324bd4e95] - page.onError - stack:
  error (https://www.googletagmanager.com/gtm.js?id=GTM-WFBHZX5:35)
  onerror (https://www.googletagmanager.com/gtm.js?id=GTM-WFBHZX5:43)

  phantomjs://platform/console++.js:263 in error
[ERROR - 2021-09-05T19:17:39.076Z] Session [ed0dfae0-0e7d-11ec-928b-c7c324bd4e95] - page.onError - msg: [object Object]

  phantomjs://platform/console++.js:263 in error
[ERROR - 2021-09-05T19:17:39.076Z] Session [ed0dfae0-0e7d-11ec-928b-c7c324bd4e95] - page.onError - stack:
  error (https://www.googletagmanager.com/gtm.js?id=GTM-WFBHZX5:35)
  onerror (https://www.googletagmanager.com/gtm.js?id=GTM-WFBHZX5:44)

  phantomjs://platform/console++.js:263 in error
[ERROR - 2021-09-05T19:17:39.303Z] Session [ed0dfae0-0e7d-11ec-928b-c7c324bd4e95] - page.onError - msg: NotSupportedError: DOM Exception 9: The implementation did not support the requested type of object or operation.

  phantomjs://platform/console++.js:263 in error
[ERROR - 2021-09-05T19:17:39.303Z] Session [ed0dfae0-0e7d-11ec-928b-c7c324bd4e95] - page.onError - stack:
  createContextualFragment (https://cdn.cookielaw.org/scripttemplates/5.9.0/otBannerSdk.js:7)
  D (https://cdn.cookielaw.org/scripttemplates/5.9.0/otBannerSdk.js:7)
  ne (https://cdn.cookielaw.org/scripttemplates/5.9.0/otBannerSdk.js:7)
  isCookiePolicyPage (https://cdn.cookielaw.org/scripttemplates/5.9.0/otBannerSdk.js:7)
  initialiseAlertHandlers (https://cdn.cookielaw.org/scripttemplates/5.9.0/otBannerSdk.js:7)
  initializeAlartHtmlAndHandler (https://cdn.cookielaw.org/scripttemplates/5.9.0/otBannerSdk.js:7)
  windowLoadBanner (https://cdn.cookielaw.org/scripttemplates/5.9.0/otBannerSdk.js:7)
  (anonymous function) (https://cdn.cookielaw.org/scripttemplates/5.9.0/otBannerSdk.js:7)
  dispatchEvent (:0)
  trigger (https://cdn.cookielaw.org/scripttemplates/5.9.0/otBannerSdk.js:7)
  LoadBanner (https://cdn.cookielaw.org/scripttemplates/5.9.0/otBannerSdk.js:7)
  (anonymous function) (https://cdn.cookielaw.org/scripttemplates/5.9.0/otBannerSdk.js:7)
  (anonymous function) (https://cdn.cookielaw.org/scripttemplates/5.9.0/otBannerSdk.js:7)
  (anonymous function) (https://cdn.cookielaw.org/scripttemplates/5.9.0/otBannerSdk.js:7)
  o (https://cdn.cookielaw.org/scripttemplates/5.9.0/otBannerSdk.js:7)
  (anonymous function) (https://imasdk.googleapis.com/js/sdkloader/ima3.js:24)
  k (https://imasdk.googleapis.com/js/sdkloader/ima3.js:24)
  B (https://imasdk.googleapis.com/js/sdkloader/ima3.js:20)
  (anonymous function) (https://imasdk.googleapis.com/js/sdkloader/ima3.js:20)

  phantomjs://platform/console++.js:263 in error
[ERROR - 2021-09-05T19:17:39.303Z] Session [ed0dfae0-0e7d-11ec-928b-c7c324bd4e95] - page.onError - msg: [object Object]

  phantomjs://platform/console++.js:263 in error
[ERROR - 2021-09-05T19:17:39.303Z] Session [ed0dfae0-0e7d-11ec-928b-c7c324bd4e95] - page.onError - stack:
  error (https://www.googletagmanager.com/gtm.js?id=GTM-WFBHZX5:35)
  onerror (https://www.googletagmanager.com/gtm.js?id=GTM-WFBHZX5:44)
  dispatchEvent (:0)
  trigger (https://cdn.cookielaw.org/scripttemplates/5.9.0/otBannerSdk.js:7)
  LoadBanner (https://cdn.cookielaw.org/scripttemplates/5.9.0/otBannerSdk.js:7)
  (anonymous function) (https://cdn.cookielaw.org/scripttemplates/5.9.0/otBannerSdk.js:7)
  (anonymous function) (https://cdn.cookielaw.org/scripttemplates/5.9.0/otBannerSdk.js:7)
  (anonymous function) (https://cdn.cookielaw.org/scripttemplates/5.9.0/otBannerSdk.js:7)
  o (https://cdn.cookielaw.org/scripttemplates/5.9.0/otBannerSdk.js:7)
  (anonymous function) (https://imasdk.googleapis.com/js/sdkloader/ima3.js:24)
  k (https://imasdk.googleapis.com/js/sdkloader/ima3.js:24)
  B (https://imasdk.googleapis.com/js/sdkloader/ima3.js:20)
  (anonymous function) (https://imasdk.googleapis.com/js/sdkloader/ima3.js:20)

  phantomjs://platform/console++.js:263 in error
